2021-01-26 22:43:43,020 [ROBOT] [000] INFO - Connecting to API...
2021-01-26 22:43:43,021 [ROBOT] [000] INFO - Robot setup complete!
2021-01-26 22:43:43,265 [ROBOT] [000] INFO - User setup complete!
2021-01-26 22:44:01,974 [USER] [000] INFO - User input - ON_PL
2021-01-26 22:44:01,975 [ROBOT] [000] INFO - Turning on passive lighting
2021-01-26 22:44:04,099 [USER] [000] INFO - User input - MAP
2021-01-26 22:44:04,100 [ROBOT] [000] INFO - Starting line route.... (5)
2021-01-26 22:44:12,114 [ROBOT] [000] WARNING - Improper position command
2021-01-26 22:44:12,115 [ROBOT] [000] INFO - Current position: [11.0, 2.6500000000000004]
2021-01-26 22:44:14,576 [ROBOT] [000] INFO - Image captured from picamera
2021-01-26 22:44:14,577 [ROBOT] [000] INFO - Current position: [11.0, 2.6500000000000004]
2021-01-26 22:44:22,591 [ROBOT] [000] WARNING - Improper position command
2021-01-26 22:44:22,592 [ROBOT] [000] INFO - Current position: [11.0, 22.79]
2021-01-26 22:44:24,979 [ROBOT] [000] INFO - Image captured from picamera
2021-01-26 22:44:24,980 [ROBOT] [000] INFO - Current position: [11.0, 22.79]
2021-01-26 22:44:32,996 [ROBOT] [000] WARNING - Improper position command
2021-01-26 22:44:32,997 [ROBOT] [000] INFO - Current position: [11.0, 42.93]
2021-01-26 22:44:35,384 [ROBOT] [000] INFO - Image captured from picamera
2021-01-26 22:44:35,385 [ROBOT] [000] INFO - Current position: [11.0, 42.93]
2021-01-26 22:44:43,398 [ROBOT] [000] WARNING - Improper position command
2021-01-26 22:44:43,399 [ROBOT] [000] INFO - Current position: [11.0, 63.07]
2021-01-26 22:44:45,792 [ROBOT] [000] INFO - Image captured from picamera
2021-01-26 22:44:45,793 [ROBOT] [000] INFO - Current position: [11.0, 63.07]
2021-01-26 22:44:53,808 [ROBOT] [000] WARNING - Improper position command
2021-01-26 22:44:53,808 [ROBOT] [000] INFO - Current position: [11.0, 83.21000000000001]
2021-01-26 22:44:56,200 [ROBOT] [000] INFO - Image captured from picamera
2021-01-26 22:44:56,201 [ROBOT] [000] INFO - Current position: [11.0, 83.21000000000001]
2021-01-26 22:45:04,219 [ROBOT] [000] WARNING - Improper position command
2021-01-26 22:45:04,220 [ROBOT] [000] INFO - Current position: [11.0, 103.35]
2021-01-26 22:45:06,672 [ROBOT] [000] INFO - Image captured from picamera
2021-01-26 22:45:06,673 [ROBOT] [000] INFO - Current position: [11.0, 103.35]
2021-01-26 22:45:06,673 [ROBOT] [000] INFO - Line route Complete (5)!
2021-01-26 22:45:14,688 [ROBOT] [000] WARNING - Improper position command
2021-01-26 22:45:14,688 [ROBOT] [000] INFO - Current position: [0.5500000000000007, 2.6500000000000057]
2021-01-26 22:45:14,689 [ROBOT] [000] INFO - Returning to origin
2021-01-26 22:45:58,531 [USER] [000] INFO - User input - 
2021-01-26 22:45:58,532 [USER] [000] INFO - User input - 
