2020-03-03 22:27:37,750 [FILE] INFO - Logging initialized...
2020-03-03 22:27:37,751 [FILE] INFO - Robot setup complete!
2020-03-03 22:27:38,226 [FILE] INFO - User setup complete!
2020-03-03 22:27:39,802 [FILE] INFO - Action T performed!
2020-03-03 22:27:46,377 [FILE] INFO - Logging initialized...
2020-03-03 22:27:46,377 [FILE] INFO - Robot setup complete!
2020-03-03 22:27:46,821 [FILE] INFO - User setup complete!
2020-03-03 22:27:54,848 [FILE] INFO - Logging initialized...
2020-03-03 22:27:54,849 [FILE] INFO - Robot setup complete!
2020-03-03 22:27:55,296 [FILE] INFO - User setup complete!
2020-03-03 22:29:30,033 [FILE] INFO - Logging initialized...
2020-03-03 22:29:30,033 [FILE] INFO - Robot setup complete!
2020-03-03 22:29:30,552 [FILE] INFO - User setup complete!
2020-03-03 22:30:56,789 [FILE] INFO - Logging initialized...
2020-03-03 22:30:56,790 [FILE] INFO - Robot setup complete!
2020-03-03 22:30:57,283 [FILE] INFO - User setup complete!
2020-03-03 22:32:23,926 [FILE] INFO - Action T performed!
2020-03-03 22:33:00,239 [FILE] INFO - Logging initialized...
2020-03-03 22:33:00,240 [FILE] INFO - Robot setup complete!
2020-03-03 22:33:00,747 [FILE] INFO - User setup complete!
2020-03-03 22:33:01,624 [FILE] INFO - Passive Lighting
2020-03-03 22:33:49,916 [FILE] INFO - Logging initialized...
2020-03-03 22:33:49,917 [FILE] INFO - Robot setup complete!
2020-03-03 22:33:50,401 [FILE] INFO - User setup complete!
2020-03-03 22:34:44,507 [FILE] INFO - Logging initialized...
2020-03-03 22:34:44,508 [FILE] INFO - Robot setup complete!
2020-03-03 22:34:45,002 [FILE] INFO - User setup complete!
2020-03-03 22:34:57,749 [FILE] INFO - Logging initialized...
2020-03-03 22:34:57,750 [FILE] INFO - Robot setup complete!
2020-03-03 22:34:58,241 [FILE] INFO - User setup complete!
2020-03-03 22:35:06,905 [FILE] INFO - Passive Lighting
